<?xml version="1.0" encoding="UTF-8"?>
<!-- Generated by org.testng.reporters.JUnitXMLReporter -->
<testsuite hostname="LAPTOP-J0IRR7B1" ignored="0" name="Default test" tests="3" failures="0" timestamp="10 Feb 2023 16:11:05 GMT" time="50.913" errors="0">
  <testcase name="testPIMCreation" time="3.704" classname="basicBDD.webpagesscripts.OrangeHrm"/>
  <testcase name="testPIMModofication" time="8.697" classname="basicBDD.webpagesscripts.OrangeHrm"/>
  <testcase name="testPIMDeletion" time="2.456" classname="basicBDD.webpagesscripts.OrangeHrm"/>
</testsuite> <!-- Default test -->
