<?xml version="1.0" encoding="UTF-8"?>
<!-- Generated by org.testng.reporters.JUnitXMLReporter -->
<testsuite hostname="LAPTOP-J0IRR7B1" ignored="0" name="Default test" tests="3" failures="0" timestamp="08 Feb 2023 21:30:47 GMT" time="28.435" errors="0">
  <testcase name="create" time="9.648" classname="extendreports.UtilityVtigerTestng"/>
  <testcase name="modify" time="5.306" classname="extendreports.UtilityVtigerTestng"/>
  <testcase name="delete" time="12.997" classname="extendreports.UtilityVtigerTestng"/>
</testsuite> <!-- Default test -->
