# JRE version: Java(TM) SE Runtime Environment (8.0_202-b08) (build 1.8.0_202-b08)
# Java VM: Java HotSpot(TM) 64-Bit Server VM (25.202-b08 mixed mode windows-amd64 compressed oops)
Heap:
 PSYoungGen      total 36352K, used 18129K [0x00000000d6b00000, 0x00000000d9c80000, 0x0000000100000000)
  eden space 31232K, 58% used [0x00000000d6b00000,0x00000000d7cb4420,0x00000000d8980000)
  from space 5120K, 0% used [0x00000000d8a00000,0x00000000d8a00000,0x00000000d8f00000)
  to   space 9728K, 0% used [0x00000000d9300000,0x00000000d9300000,0x00000000d9c80000)
 ParOldGen       total 42496K, used 6472K [0x0000000084000000, 0x0000000086980000, 0x00000000d6b00000)
  object space 42496K, 15% used [0x0000000084000000,0x0000000084652380,0x0000000086980000)
 Metaspace       used 20540K, capacity 21418K, committed 21680K, reserved 1069056K
  class space    used 2490K, capacity 2731K, committed 2816K, reserved 1048576K
GC Heap History (10 events):
Event: 2.423 GC heap before
{Heap before GC invocations=2 (full 0):
 PSYoungGen      total 36864K, used 36842K [0x00000000d6b00000, 0x00000000d9400000, 0x0000000100000000)
  eden space 31744K, 100% used [0x00000000d6b00000,0x00000000d8a00000,0x00000000d8a00000)
  from space 5120K, 99% used [0x00000000d8a00000,0x00000000d8efa9d8,0x00000000d8f00000)
  to   space 5120K, 0% used [0x00000000d8f00000,0x00000000d8f00000,0x00000000d9400000)
 ParOldGen       total 84992K, used 1253K [0x0000000084000000, 0x0000000089300000, 0x00000000d6b00000)
  object space 84992K, 1% used [0x0000000084000000,0x0000000084139588,0x0000000089300000)
 Metaspace       used 16831K, capacity 17212K, committed 17536K, reserved 1064960K
  class space    used 2005K, capacity 2134K, committed 2176K, reserved 1048576K
Event: 2.430 GC heap after
Heap after GC invocations=2 (full 0):
 PSYoungGen      total 36864K, used 5104K [0x00000000d6b00000, 0x00000000d9400000, 0x0000000100000000)
  eden space 31744K, 0% used [0x00000000d6b00000,0x00000000d6b00000,0x00000000d8a00000)
  from space 5120K, 99% used [0x00000000d8f00000,0x00000000d93fc050,0x00000000d9400000)
  to   space 5120K, 0% used [0x00000000d8a00000,0x00000000d8a00000,0x00000000d8f00000)
 ParOldGen       total 84992K, used 5041K [0x0000000084000000, 0x0000000089300000, 0x00000000d6b00000)
  object space 84992K, 5% used [0x0000000084000000,0x00000000844ec6a0,0x0000000089300000)
 Metaspace       used 16831K, capacity 17212K, committed 17536K, reserved 1064960K
  class space    used 2005K, capacity 2134K, committed 2176K, reserved 1048576K
}
Event: 14.015 GC heap before
{Heap before GC invocations=3 (full 0):
 PSYoungGen      total 36864K, used 36848K [0x00000000d6b00000, 0x00000000d9400000, 0x0000000100000000)
  eden space 31744K, 100% used [0x00000000d6b00000,0x00000000d8a00000,0x00000000d8a00000)
  from space 5120K, 99% used [0x00000000d8f00000,0x00000000d93fc050,0x00000000d9400000)
  to   space 5120K, 0% used [0x00000000d8a00000,0x00000000d8a00000,0x00000000d8f00000)
 ParOldGen       total 84992K, used 5041K [0x0000000084000000, 0x0000000089300000, 0x00000000d6b00000)
  object space 84992K, 5% used [0x0000000084000000,0x00000000844ec6a0,0x0000000089300000)
 Metaspace       used 20146K, capacity 20950K, committed 21120K, reserved 1067008K
  class space    used 2457K, capacity 2677K, committed 2688K, reserved 1048576K
Event: 14.022 GC heap after
Heap after GC invocations=3 (full 0):
 PSYoungGen      total 36864K, used 5088K [0x00000000d6b00000, 0x00000000d9400000, 0x0000000100000000)
  eden space 31744K, 0% used [0x00000000d6b00000,0x00000000d6b00000,0x00000000d8a00000)
  from space 5120K, 99% used [0x00000000d8a00000,0x00000000d8ef8040,0x00000000d8f00000)
  to   space 5120K, 0% used [0x00000000d8f00000,0x00000000d8f00000,0x00000000d9400000)
 ParOldGen       total 84992K, used 7697K [0x0000000084000000, 0x0000000089300000, 0x00000000d6b00000)
  object space 84992K, 9% used [0x0000000084000000,0x00000000847846f8,0x0000000089300000)
 Metaspace       used 20146K, capacity 20950K, committed 21120K, reserved 1067008K
  class space    used 2457K, capacity 2677K, committed 2688K, reserved 1048576K
}
Event: 15.834 GC heap before
{Heap before GC invocations=4 (full 0):
 PSYoungGen      total 36864K, used 36832K [0x00000000d6b00000, 0x00000000d9400000, 0x0000000100000000)
  eden space 31744K, 100% used [0x00000000d6b00000,0x00000000d8a00000,0x00000000d8a00000)
  from space 5120K, 99% used [0x00000000d8a00000,0x00000000d8ef8040,0x00000000d8f00000)
  to   space 5120K, 0% used [0x00000000d8f00000,0x00000000d8f00000,0x00000000d9400000)
 ParOldGen       total 84992K, used 7697K [0x0000000084000000, 0x0000000089300000, 0x00000000d6b00000)
  object space 84992K, 9% used [0x0000000084000000,0x00000000847846f8,0x0000000089300000)
 Metaspace       used 20330K, capacity 21186K, committed 21296K, reserved 1069056K
  class space    used 2458K, capacity 2679K, committed 2688K, reserved 1048576K
Event: 15.838 GC heap after
Heap after GC invocations=4 (full 0):
 PSYoungGen      total 36864K, used 5104K [0x00000000d6b00000, 0x00000000d9400000, 0x0000000100000000)
  eden space 31744K, 0% used [0x00000000d6b00000,0x00000000d6b00000,0x00000000d8a00000)
  from space 5120K, 99% used [0x00000000d8f00000,0x00000000d93fc050,0x00000000d9400000)
  to   space 5120K, 0% used [0x00000000d8a00000,0x00000000d8a00000,0x00000000d8f00000)
 ParOldGen       total 84992K, used 7729K [0x0000000084000000, 0x0000000089300000, 0x00000000d6b00000)
  object space 84992K, 9% used [0x0000000084000000,0x000000008478c6f8,0x0000000089300000)
 Metaspace       used 20330K, capacity 21186K, committed 21296K, reserved 1069056K
  class space    used 2458K, capacity 2679K, committed 2688K, reserved 1048576K
}
Event: 16.287 GC heap before
{Heap before GC invocations=5 (full 0):
 PSYoungGen      total 36864K, used 10138K [0x00000000d6b00000, 0x00000000d9400000, 0x0000000100000000)
  eden space 31744K, 15% used [0x00000000d6b00000,0x00000000d6fea830,0x00000000d8a00000)
  from space 5120K, 99% used [0x00000000d8f00000,0x00000000d93fc050,0x00000000d9400000)
  to   space 5120K, 0% used [0x00000000d8a00000,0x00000000d8a00000,0x00000000d8f00000)
 ParOldGen       total 84992K, used 7729K [0x0000000084000000, 0x0000000089300000, 0x00000000d6b00000)
  object space 84992K, 9% used [0x0000000084000000,0x000000008478c6f8,0x0000000089300000)
 Metaspace       used 20380K, capacity 21186K, committed 21296K, reserved 1069056K
  class space    used 2461K, capacity 2679K, committed 2688K, reserved 1048576K
Event: 16.291 GC heap after
Heap after GC invocations=5 (full 0):
 PSYoungGen      total 36352K, used 5104K [0x00000000d6b00000, 0x00000000d9c80000, 0x0000000100000000)
  eden space 31232K, 0% used [0x00000000d6b00000,0x00000000d6b00000,0x00000000d8980000)
  from space 5120K, 99% used [0x00000000d8a00000,0x00000000d8efc050,0x00000000d8f00000)
  to   space 9728K, 0% used [0x00000000d9300000,0x00000000d9300000,0x00000000d9c80000)
 ParOldGen       total 84992K, used 7788K [0x0000000084000000, 0x0000000089300000, 0x00000000d6b00000)
  object space 84992K, 9% used [0x0000000084000000,0x000000008479b0a0,0x0000000089300000)
 Metaspace       used 20380K, capacity 21186K, committed 21296K, reserved 1069056K
  class space    used 2461K, capacity 2679K, committed 2688K, reserved 1048576K
}
Event: 16.291 GC heap before
{Heap before GC invocations=6 (full 1):
 PSYoungGen      total 36352K, used 5104K [0x00000000d6b00000, 0x00000000d9c80000, 0x0000000100000000)
  eden space 31232K, 0% used [0x00000000d6b00000,0x00000000d6b00000,0x00000000d8980000)
  from space 5120K, 99% used [0x00000000d8a00000,0x00000000d8efc050,0x00000000d8f00000)
  to   space 9728K, 0% used [0x00000000d9300000,0x00000000d9300000,0x00000000d9c80000)
 ParOldGen       total 84992K, used 7788K [0x0000000084000000, 0x0000000089300000, 0x00000000d6b00000)
  object space 84992K, 9% used [0x0000000084000000,0x000000008479b0a0,0x0000000089300000)
 Metaspace       used 20380K, capacity 21186K, committed 21296K, reserved 1069056K
  class space    used 2461K, capacity 2679K, committed 2688K, reserved 1048576K
Event: 16.343 GC heap after
Heap after GC invocations=6 (full 1):
 PSYoungGen      total 36352K, used 0K [0x00000000d6b00000, 0x00000000d9c80000, 0x0000000100000000)
  eden space 31232K, 0% used [0x00000000d6b00000,0x00000000d6b00000,0x00000000d8980000)
  from space 5120K, 0% used [0x00000000d8a00000,0x00000000d8a00000,0x00000000d8f00000)
  to   space 9728K, 0% used [0x00000000d9300000,0x00000000d9300000,0x00000000d9c80000)
 ParOldGen       total 42496K, used 6472K [0x0000000084000000, 0x0000000086980000, 0x00000000d6b00000)
  object space 42496K, 15% used [0x0000000084000000,0x0000000084652380,0x0000000086980000)
 Metaspace       used 20380K, capacity 21186K, committed 21296K, reserved 1069056K
  class space    used 2461K, capacity 2679K, committed 2688K, reserved 1048576K
}

