<?xml version="1.0" encoding="UTF-8"?>
<testng-results skipped="0" failed="0" ignored="0" total="1" passed="1">
  <reporter-output>
  </reporter-output>
  <suite name="Default suite" duration-ms="4488" started-at="2023-06-23T15:54:52Z" finished-at="2023-06-23T15:54:57Z">
    <groups>
    </groups>
    <test name="Default test" duration-ms="4488" started-at="2023-06-23T15:54:52Z" finished-at="2023-06-23T15:54:57Z">
      <class name="extendreports.GoogleSearch">
        <test-method status="PASS" signature="startTest()[pri:0, instance:extendreports.GoogleSearch@4f638935]" name="startTest" is-config="true" duration-ms="141" started-at="2023-06-23T15:54:52Z" finished-at="2023-06-23T15:54:52Z">
          <reporter-output>
          </reporter-output>
        </test-method> <!-- startTest -->
        <test-method status="PASS" signature="extentReportsDemo()[pri:0, instance:extendreports.GoogleSearch@4f638935]" name="extentReportsDemo" duration-ms="4064" started-at="2023-06-23T15:54:52Z" finished-at="2023-06-23T15:54:56Z">
          <reporter-output>
          </reporter-output>
        </test-method> <!-- extentReportsDemo -->
        <test-method status="PASS" signature="endTest()[pri:0, instance:extendreports.GoogleSearch@4f638935]" name="endTest" is-config="true" duration-ms="283" started-at="2023-06-23T15:54:56Z" finished-at="2023-06-23T15:54:57Z">
          <reporter-output>
          </reporter-output>
        </test-method> <!-- endTest -->
      </class> <!-- extendreports.GoogleSearch -->
    </test> <!-- Default test -->
  </suite> <!-- Default suite -->
</testng-results>
