<?xml version="1.0" encoding="UTF-8"?>
<!-- Generated by org.testng.reporters.JUnitXMLReporter -->
<testsuite hostname="LAPTOP-J0IRR7B1" ignored="0" name="Test" tests="12" failures="0" timestamp="11 Feb 2023 14:19:44 GMT" time="23.619" errors="0">
  <testcase name="open" time="5.126" classname="annotations.Amazon"/>
  <testcase name="all" time="1.993" classname="annotations.Amazon"/>
  <testcase name="checkbox" time="4.536" classname="annotations.Amazon"/>
  <testcase name="close" time="0.214" classname="annotations.Amazon"/>
  <testcase name="open" time="6.474" classname="annotations.Flipkart"/>
  <testcase name="popup" time="0.259" classname="annotations.Flipkart"/>
  <testcase name="search" time="1.704" classname="annotations.Flipkart"/>
  <testcase name="close" time="0.22" classname="annotations.Flipkart"/>
  <testcase name="open" time="2.234" classname="annotations.Gsearch"/>
  <testcase name="popup" time="0.085" classname="annotations.Gsearch"/>
  <testcase name="search" time="0.551" classname="annotations.Gsearch"/>
  <testcase name="close" time="0.184" classname="annotations.Gsearch"/>
</testsuite> <!-- Test -->
