<?xml version="1.0" encoding="UTF-8" ?>
<testsuite tests="12" failures="0" name="TestSuite" time="20.077" errors="0" skipped="0">
  <properties>
[...]
</properties>
  <testcase classname="annotations.Amazon" name="open" time="2.145"/>
  <testcase classname="annotations.Amazon" name="all" time="1.922"/>
  <testcase classname="annotations.Amazon" name="checkbox" time="4.562"/>
  <testcase classname="annotations.Amazon" name="close" time="0.13"/>
  <testcase classname="annotations.Flipkart" name="open" time="6.969"/>
  <testcase classname="annotations.Flipkart" name="popup" time="0.082"/>
  <testcase classname="annotations.Flipkart" name="search" time="1.949"/>
  <testcase classname="annotations.Flipkart" name="close" time="0.1"/>
  <testcase classname="annotations.Gsearch" name="open" time="1.61"/>
  <testcase classname="annotations.Gsearch" name="popup" time="0.049"/>
  <testcase classname="annotations.Gsearch" name="search" time="0.472"/>
  <testcase classname="annotations.Gsearch" name="close" time="0.087"/>
</testsuite>