<?xml version="1.0" encoding="UTF-8"?>
<!-- Generated by org.testng.reporters.JUnitXMLReporter -->
<testsuite ignored="0" hostname="LAPTOP-J0IRR7B1" failures="0" tests="12" name="Test" time="20.095" errors="0" timestamp="13 Feb 2023 01:22:11 GMT">
  <testcase classname="annotations.Amazon" name="open" time="2.143"/>
  <testcase classname="annotations.Amazon" name="all" time="1.922"/>
  <testcase classname="annotations.Amazon" name="checkbox" time="4.563"/>
  <testcase classname="annotations.Amazon" name="close" time="0.129"/>
  <testcase classname="annotations.Flipkart" name="open" time="6.968"/>
  <testcase classname="annotations.Flipkart" name="popup" time="0.082"/>
  <testcase classname="annotations.Flipkart" name="search" time="1.949"/>
  <testcase classname="annotations.Flipkart" name="close" time="0.099"/>
  <testcase classname="annotations.Gsearch" name="open" time="1.61"/>
  <testcase classname="annotations.Gsearch" name="popup" time="0.05"/>
  <testcase classname="annotations.Gsearch" name="search" time="0.472"/>
  <testcase classname="annotations.Gsearch" name="close" time="0.088"/>
</testsuite> <!-- Test -->
