<?xml version="1.0" encoding="UTF-8"?>
<!-- Generated by org.testng.reporters.JUnitXMLReporter -->
<testsuite hostname="LAPTOP-J0IRR7B1" ignored="0" name="Parallel Test" tests="9" failures="0" timestamp="08 Feb 2023 17:55:53 GMT" time="43.01" errors="0">
  <testcase name="testTitle" time="0.017" classname="parallel.FirefoxTest"/>
  <testcase name="testTitle" time="0.017" classname="parallel.ChromeTest"/>
  <testcase name="testTitle" time="0.0" classname="parallel.EdgeTest"/>
  <testcase name="clickOffers" time="2.243" classname="parallel.ChromeTest"/>
  <testcase name="clickOffers" time="3.381" classname="parallel.FirefoxTest"/>
  <testcase name="clickOffers" time="2.175" classname="parallel.EdgeTest"/>
  <testcase name="clickOrders" time="3.055" classname="parallel.ChromeTest"/>
  <testcase name="clickOrders" time="3.065" classname="parallel.FirefoxTest"/>
  <testcase name="clickOrders" time="2.535" classname="parallel.EdgeTest"/>
</testsuite> <!-- Parallel Test -->
