<?xml version="1.0" encoding="UTF-8"?>
<!-- Generated by org.testng.reporters.JUnitXMLReporter -->
<testsuite hostname="LAPTOP-J0IRR7B1" ignored="0" name="Parallel Method" tests="3" failures="0" timestamp="08 Feb 2023 18:18:26 GMT" time="16.066" errors="0">
  <testcase name="testChrome" time="4.155" classname="parallel.ParallelMethod"/>
  <testcase name="testFirefox" time="6.796" classname="parallel.ParallelMethod"/>
  <testcase name="testTitle" time="5.059" classname="parallel.ParallelMethod"/>
</testsuite> <!-- Parallel Method -->
