<?xml version="1.0" encoding="UTF-8"?>
<!-- Generated by org.testng.reporters.JUnitXMLReporter -->
<testsuite hostname="LAPTOP-J0IRR7B1" ignored="0" name="Parallel Test Firefox" tests="3" failures="0" timestamp="08 Feb 2023 17:34:13 GMT" time="15.219" errors="0">
  <testcase name="testTitle" time="0.016" classname="parallel.FirefoxTest"/>
  <testcase name="clickOffers" time="3.349" classname="parallel.FirefoxTest"/>
  <testcase name="clickOrders" time="2.651" classname="parallel.FirefoxTest"/>
</testsuite> <!-- Parallel Test Firefox -->
