<?xml version="1.0" encoding="UTF-8"?>
<!-- Generated by org.testng.reporters.JUnitXMLReporter -->
<testsuite hostname="LAPTOP-J0IRR7B1" ignored="0" name="Parallel Test Firefox" tests="3" failures="0" timestamp="13 Jul 2023 20:58:02 GMT" time="12.148" errors="0">
  <testcase name="testTitle" time="0.006" classname="parallel.FirefoxTest"/>
  <testcase name="clickOffers" time="3.339" classname="parallel.FirefoxTest"/>
  <testcase name="clickOrders" time="2.586" classname="parallel.FirefoxTest"/>
</testsuite> <!-- Parallel Test Firefox -->
