<?xml version="1.0" encoding="UTF-8"?>
<!-- Generated by org.testng.reporters.JUnitXMLReporter -->
<testsuite hostname="LAPTOP-J0IRR7B1" ignored="0" name="Parallel Test Chrome" tests="3" failures="0" timestamp="08 Feb 2023 17:34:24 GMT" time="26.095" errors="0">
  <testcase name="testTitle" time="0.024" classname="parallel.ChromeTest"/>
  <testcase name="clickOffers" time="2.247" classname="parallel.ChromeTest"/>
  <testcase name="clickOrders" time="2.677" classname="parallel.ChromeTest"/>
</testsuite> <!-- Parallel Test Chrome -->
