<?xml version="1.0" encoding="UTF-8"?>
<!-- Generated by org.testng.reporters.JUnitXMLReporter -->
<testsuite hostname="LAPTOP-J0IRR7B1" ignored="0" name="Parallel Test Edge" tests="3" failures="0" timestamp="08 Feb 2023 17:34:23 GMT" time="9.877" errors="0">
  <testcase name="testTitle" time="0.008" classname="parallel.EdgeTest"/>
  <testcase name="clickOffers" time="2.221" classname="parallel.EdgeTest"/>
  <testcase name="clickOrders" time="2.626" classname="parallel.EdgeTest"/>
</testsuite> <!-- Parallel Test Edge -->
