<?xml version="1.0" encoding="UTF-8"?>
<!-- Generated by org.testng.reporters.JUnitXMLReporter -->
<testsuite hostname="LAPTOP-J0IRR7B1" ignored="0" name="Parallel Test Chrome" tests="3" failures="0" timestamp="13 Jul 2023 20:57:49 GMT" time="8.395" errors="0">
  <testcase name="testTitle" time="0.032" classname="parallel.ChromeTest"/>
  <testcase name="clickOffers" time="2.281" classname="parallel.ChromeTest"/>
  <testcase name="clickOrders" time="2.437" classname="parallel.ChromeTest"/>
</testsuite> <!-- Parallel Test Chrome -->
