<?xml version="1.0" encoding="UTF-8"?>
<!-- Generated by org.testng.reporters.JUnitXMLReporter -->
<testsuite hostname="LAPTOP-J0IRR7B1" ignored="3" name="testing" tests="3" failures="0" timestamp="13 Jul 2023 18:18:11 GMT" time="28.319" errors="0">
  <testcase name="Actitimenegative" time="7.571" classname="grouping.Allinone"/>
  <testcase name="oranagehrmnegative" time="3.998" classname="grouping.Allinone"/>
  <testcase name="vtigernegative" time="16.73" classname="grouping.Allinone"/>
  <testcase name="vtigerpositive" time="0.0" classname="grouping.Allinone">
    <ignored/>
  </testcase> <!-- vtigerpositive -->
  <testcase name="oranagehrmpositive" time="0.0" classname="grouping.Allinone">
    <ignored/>
  </testcase> <!-- oranagehrmpositive -->
  <testcase name="Actitimepositive" time="0.0" classname="grouping.Allinone">
    <ignored/>
  </testcase> <!-- Actitimepositive -->
</testsuite> <!-- testing -->
