<?xml version="1.0" encoding="UTF-8"?>
<!-- Generated by org.testng.reporters.JUnitXMLReporter -->
<testsuite hostname="LAPTOP-J0IRR7B1" ignored="3" name="testing" tests="3" failures="0" timestamp="02 Feb 2023 16:35:42 GMT" time="19.138" errors="0">
  <testcase name="Actitimenegative" time="9.694" classname="grouping.Allinone"/>
  <testcase name="oranagehrmnegative" time="5.021" classname="grouping.Allinone"/>
  <testcase name="vtigernegative" time="4.376" classname="grouping.Allinone"/>
  <testcase name="vtigerpositive" time="0.0" classname="grouping.Allinone">
    <ignored/>
  </testcase> <!-- vtigerpositive -->
  <testcase name="oranagehrmpositive" time="0.0" classname="grouping.Allinone">
    <ignored/>
  </testcase> <!-- oranagehrmpositive -->
  <testcase name="Actitimepositive" time="0.0" classname="grouping.Allinone">
    <ignored/>
  </testcase> <!-- Actitimepositive -->
</testsuite> <!-- testing -->
