<?xml version="1.0" encoding="UTF-8"?>
<!-- Generated by org.testng.reporters.JUnitXMLReporter -->
<testsuite hostname="LAPTOP-J0IRR7B1" ignored="1" name="Default test(failed)" tests="1" failures="0" timestamp="23 Sep 2023 16:56:35 GMT" time="3.452" errors="0">
  <testcase name="TestCase2" time="3.11" classname="extendreports.ExtentReportSS"/>
  <testcase name="TestCase1" time="0.0" classname="extendreports.ExtentReportSS">
    <ignored/>
  </testcase> <!-- TestCase1 -->
</testsuite> <!-- Default test(failed) -->
