<?xml version="1.0" encoding="UTF-8"?>
<!-- Generated by org.testng.reporters.JUnitXMLReporter -->
<testsuite hostname="LAPTOP-J0IRR7B1" ignored="0" name="Testing Parameterization" tests="3" failures="0" timestamp="02 Feb 2023 16:38:09 GMT" time="18.701" errors="0">
  <testcase name="vtigerlogin" time="5.514" classname="parameterization.Vtiger"/>
  <testcase name="orangehrmlogin" time="4.828" classname="parameterization.orangehrm"/>
  <testcase name="actitime" time="8.314" classname="parameterization.Actitime"/>
</testsuite> <!-- Testing Parameterization -->
