<?xml version="1.0" encoding="UTF-8"?>
<!-- Generated by org.testng.reporters.JUnitXMLReporter -->
<testsuite hostname="LAPTOP-J0IRR7B1" ignored="0" name="Testing Parameterization" tests="3" failures="0" timestamp="21 Sep 2023 14:05:55 GMT" time="19.435" errors="0">
  <testcase name="actitime" time="9.638" classname="parameterization.copy.Actitime"/>
  <testcase name="orangehrmlogin" time="4.798" classname="parameterization.copy.orangehrm"/>
  <testcase name="vtigerlogin" time="4.954" classname="parameterization.copy.Vtiger"/>
</testsuite> <!-- Testing Parameterization -->
